Unity Editor version:    2021.2.7f1 (6bd9e232123f)
Branch:                  2021.2/staging
Build type:              Release
Batch mode:              YES
macOS version:           Version 13.1 (Build 22C65)
Darwin version:          22.2.0
Architecture:            arm64
Running under Rosetta:   NO
Available memory:        16384 MB
Using pre-set license
Pro License: NO

COMMAND LINE ARGUMENTS:
/Applications/Unity/Unity.app/Contents/MacOS/Unity
-adb2
-batchMode
-noUpm
-name
AssetImportWorker0
-projectPath
/Users/segar/Documents/GitHub/Rise-Up-To-The-Heaven
-logFile
Logs/AssetImportWorker0.log
-srvPort
58741
Successfully changed project path to: /Users/segar/Documents/GitHub/Rise-Up-To-The-Heaven
/Users/segar/Documents/GitHub/Rise-Up-To-The-Heaven
[UnityMemory] Configuration Parameters - Can be set up in boot.config
    "memorysetup-bucket-allocator-granularity=16"
    "memorysetup-bucket-allocator-bucket-count=8"
    "memorysetup-bucket-allocator-block-size=33554432"
    "memorysetup-bucket-allocator-block-count=8"
    "memorysetup-main-allocator-block-size=16777216"
    "memorysetup-thread-allocator-block-size=16777216"
    "memorysetup-gfx-main-allocator-block-size=16777216"
    "memorysetup-gfx-thread-allocator-block-size=16777216"
    "memorysetup-cache-allocator-block-size=4194304"
    "memorysetup-typetree-allocator-block-size=2097152"
    "memorysetup-profiler-bucket-allocator-granularity=16"
    "memorysetup-profiler-bucket-allocator-bucket-count=8"
    "memorysetup-profiler-bucket-allocator-block-size=33554432"
    "memorysetup-profiler-bucket-allocator-block-count=8"
    "memorysetup-profiler-allocator-block-size=16777216"
    "memorysetup-profiler-editor-allocator-block-size=1048576"
    "memorysetup-temp-allocator-size-main=16777216"
    "memorysetup-job-temp-allocator-block-size=2097152"
    "memorysetup-job-temp-allocator-block-size-background=1048576"
    "memorysetup-job-temp-allocator-reduction-small-platforms=262144"
    "memorysetup-temp-allocator-size-background-worker=32768"
    "memorysetup-temp-allocator-size-job-worker=262144"
    "memorysetup-temp-allocator-size-preload-manager=33554432"
    "memorysetup-temp-allocator-size-nav-mesh-worker=65536"
    "memorysetup-temp-allocator-size-audio-worker=65536"
    "memorysetup-temp-allocator-size-cloud-worker=32768"
    "memorysetup-temp-allocator-size-gi-baking-worker=262144"
    "memorysetup-temp-allocator-size-gfx=262144"
Refreshing native plugins compatible for Editor in 55.12 ms, found 2 plugins.
Preloading 0 native plugins for Editor in 0.00 ms.
Initialize engine version: 2021.2.7f1 (6bd9e232123f)
[Subsystems] Discovering subsystems at path /Applications/Unity/Unity.app/Contents/Resources/UnitySubsystems
[Subsystems] Discovering subsystems at path /Users/segar/Documents/GitHub/Rise-Up-To-The-Heaven/Assets
GfxDevice: creating device client; threaded=0; jobified=0
 preferred device: Apple M1 (high power)
Metal devices available: 1
0: Apple M1 (high power)
Using device Apple M1 (high power)
Initializing Metal device caps: Apple M1
Initialize mono
Mono path[0] = '/Applications/Unity/Unity.app/Contents/Managed'
Mono path[1] = '/Applications/Unity/Unity.app/Contents/MonoBleedingEdge/lib/mono/unityjit-macos'
Mono config path = '/Applications/Unity/Unity.app/Contents/MonoBleedingEdge/etc'
Using monoOptions --debugger-agent=transport=dt_socket,embedding=1,server=y,suspend=n,address=127.0.0.1:56774
Begin MonoManager ReloadAssembly
Registering precompiled unity dll's ...
Register platform support module: /Applications/Unity/Unity.app/Contents/PlaybackEngines/MacStandaloneSupport/UnityEditor.OSXStandalone.Extensions.dll
Registered in 0.001374 seconds.
Native extension for OSXStandalone target not found
Refreshing native plugins compatible for Editor in 48.02 ms, found 2 plugins.
Preloading 0 native plugins for Editor in 0.00 ms.
Mono: successfully reloaded assembly
- Completed reload, in  0.529 seconds
Domain Reload Profiling:
	ReloadAssembly (529ms)
		BeginReloadAssembly (74ms)
			ExecutionOrderSort (0ms)
			DisableScriptedObjects (0ms)
			BackupInstance (0ms)
			ReleaseScriptingObjects (0ms)
			CreateAndSetChildDomain (1ms)
		EndReloadAssembly (383ms)
			LoadAssemblies (74ms)
			RebuildTransferFunctionScriptingTraits (0ms)
			SetupTypeCache (104ms)
			ReleaseScriptCaches (0ms)
			RebuildScriptCaches (27ms)
			SetupLoadedEditorAssemblies (210ms)
				LogAssemblyErrors (0ms)
				InitializePlatformSupportModulesInManaged (12ms)
				SetLoadedEditorAssemblies (0ms)
				RefreshPlugins (48ms)
				BeforeProcessingInitializeOnLoad (1ms)
				ProcessInitializeOnLoadAttributes (115ms)
				ProcessInitializeOnLoadMethodAttributes (34ms)
				AfterProcessingInitializeOnLoad (0ms)
				EditorAssembliesLoaded (0ms)
			ExecutionOrderSort2 (0ms)
			AwakeInstancesAfterBackupRestoration (0ms)
Platform modules already initialized, skipping
Registering precompiled user dll's ...
Registered in 0.005868 seconds.
Begin MonoManager ReloadAssembly
Native extension for OSXStandalone target not found
Refreshing native plugins compatible for Editor in 0.53 ms, found 2 plugins.
Preloading 0 native plugins for Editor in 0.00 ms.
Package Manager log level set to [2]
Mono: successfully reloaded assembly
- Completed reload, in  0.831 seconds
Domain Reload Profiling:
	ReloadAssembly (832ms)
		BeginReloadAssembly (87ms)
			ExecutionOrderSort (0ms)
			DisableScriptedObjects (5ms)
			BackupInstance (0ms)
			ReleaseScriptingObjects (0ms)
			CreateAndSetChildDomain (25ms)
		EndReloadAssembly (654ms)
			LoadAssemblies (61ms)
			RebuildTransferFunctionScriptingTraits (0ms)
			SetupTypeCache (172ms)
			ReleaseScriptCaches (0ms)
			RebuildScriptCaches (42ms)
			SetupLoadedEditorAssemblies (343ms)
				LogAssemblyErrors (0ms)
				InitializePlatformSupportModulesInManaged (7ms)
				SetLoadedEditorAssemblies (0ms)
				RefreshPlugins (1ms)
				BeforeProcessingInitializeOnLoad (47ms)
				ProcessInitializeOnLoadAttributes (201ms)
				ProcessInitializeOnLoadMethodAttributes (86ms)
				AfterProcessingInitializeOnLoad (1ms)
				EditorAssembliesLoaded (0ms)
			ExecutionOrderSort2 (0ms)
			AwakeInstancesAfterBackupRestoration (3ms)
Platform modules already initialized, skipping
========================================================================
Worker process is ready to serve import requests
Launching external process: /Applications/Unity/Unity.app/Contents/Tools/UnityShaderCompiler
Launched and connected shader compiler UnityShaderCompiler after 0.08 seconds
Refreshing native plugins compatible for Editor in 0.51 ms, found 2 plugins.
Preloading 0 native plugins for Editor in 0.00 ms.
Unloading 2054 Unused Serialized files (Serialized files now loaded: 0)
Unloading 59 unused Assets / (44.0 KB). Loaded Objects now: 2508.
Memory consumption went from 86.8 MB to 86.8 MB.
Total: 7.097458 ms (FindLiveObjects: 0.103209 ms CreateObjectMapping: 0.039750 ms MarkObjects: 6.878084 ms  DeleteObjects: 0.075417 ms)

AssetImportParameters requested are different than current active one (requested -> active):
  custom:video-decoder-ogg-theora: a1e56fd34408186e4bbccfd4996cb3dc -> 
  custom:container-muxer-webm: aa71ff27fc2769a1b78a27578f13a17b -> 
  custom:container-demuxer-webm: 4f35f7cbe854078d1ac9338744f61a02 -> 
  custom:video-encoder-webm-vp8: eb34c28f22e8b96e1ab97ce403110664 -> 
  custom:framework-osx-AVFoundation: e770b220cccbd017edd2c1fefb359320 -> 
  custom:audio-encoder-webm-vorbis: bf7c407c2cedff20999df2af8eb42d56 -> 
  custom:container-demuxer-ogg: 62fdf1f143b41e24485cea50d1cbac27 -> 
  custom:video-decoder-webm-vp8: 9c59270c3fd7afecdb556c50c9e8de78 -> 
  custom:audio-decoder-ogg-vorbis: bf7c407c2cedff20999df2af8eb42d56 -> 
========================================================================
Received Import Request.
  Time since last request: 669985.926845 seconds.
  path: Assets/script/playerControl.cs
  artifactKey: Guid(72265af887d643444bcf8044fb240c9c) Importer(815301076,1909f56bfc062723c751e8b465ee728b)
Start importing Assets/script/playerControl.cs using Guid(72265af887d643444bcf8044fb240c9c) Importer(815301076,1909f56bfc062723c751e8b465ee728b)  -> (artifact id: '4d348c05ce00689e340d0b485194526c') in 0.069123 seconds 
========================================================================
Received Import Request.
  Time since last request: 14.474176 seconds.
  path: Assets/script/NewBehaviourScript.cs
  artifactKey: Guid(a61c0ecf97fee4c568eea394768420a7) Importer(815301076,1909f56bfc062723c751e8b465ee728b)
Start importing Assets/script/NewBehaviourScript.cs using Guid(a61c0ecf97fee4c568eea394768420a7) Importer(815301076,1909f56bfc062723c751e8b465ee728b)  -> (artifact id: 'd4e58129fc80c2a99e3f0cd573712c1b') in 0.001638 seconds 
========================================================================
Received Import Request.
  Time since last request: 10.784121 seconds.
  path: Assets/script/ItemDataBase.cs
  artifactKey: Guid(a61c0ecf97fee4c568eea394768420a7) Importer(815301076,1909f56bfc062723c751e8b465ee728b)
Start importing Assets/script/ItemDataBase.cs using Guid(a61c0ecf97fee4c568eea394768420a7) Importer(815301076,1909f56bfc062723c751e8b465ee728b)  -> (artifact id: 'd3544c989d135f474002ab230e939046') in 0.002343 seconds 
========================================================================
Received Import Request.
  Time since last request: 234.385097 seconds.
  path: Assets/script/ItemDataBase.cs
  artifactKey: Guid(a61c0ecf97fee4c568eea394768420a7) Importer(815301076,1909f56bfc062723c751e8b465ee728b)
Start importing Assets/script/ItemDataBase.cs using Guid(a61c0ecf97fee4c568eea394768420a7) Importer(815301076,1909f56bfc062723c751e8b465ee728b)  -> (artifact id: '037f3f1932ac851042960b9ac2a300cd') in 0.004203 seconds 
========================================================================
Received Import Request.
  Time since last request: 52.736339 seconds.
  path: Assets
  artifactKey: Guid(00000000000000001000000000000000) Importer(815301076,1909f56bfc062723c751e8b465ee728b)
Start importing Assets using Guid(00000000000000001000000000000000) Importer(815301076,1909f56bfc062723c751e8b465ee728b)  -> (artifact id: '79842766b460edbeab6a34051e857a80') in 0.001680 seconds 
========================================================================
Received Import Request.
  Time since last request: 74.971600 seconds.
  path: Assets/script/Item.cs
  artifactKey: Guid(773c6783fbd7444f491187274dd8ad71) Importer(815301076,1909f56bfc062723c751e8b465ee728b)
Start importing Assets/script/Item.cs using Guid(773c6783fbd7444f491187274dd8ad71) Importer(815301076,1909f56bfc062723c751e8b465ee728b)  -> (artifact id: '2a4f66da281aa34c4f4c6a86e6b1b49c') in 0.001645 seconds 
========================================================================
Received Import Request.
  Time since last request: 779.068876 seconds.
  path: Assets/script/Item.cs
  artifactKey: Guid(773c6783fbd7444f491187274dd8ad71) Importer(815301076,1909f56bfc062723c751e8b465ee728b)
Start importing Assets/script/Item.cs using Guid(773c6783fbd7444f491187274dd8ad71) Importer(815301076,1909f56bfc062723c751e8b465ee728b)  -> (artifact id: '557fa446bc0c422bb7eb3f08210e278d') in 0.003375 seconds 
========================================================================
Received Import Request.
  Time since last request: 41.156253 seconds.
  path: Assets/script/Item.cs
  artifactKey: Guid(773c6783fbd7444f491187274dd8ad71) Importer(815301076,1909f56bfc062723c751e8b465ee728b)
Start importing Assets/script/Item.cs using Guid(773c6783fbd7444f491187274dd8ad71) Importer(815301076,1909f56bfc062723c751e8b465ee728b)  -> (artifact id: 'fd9c0e8b1f5aae830c0b66d8a3c15ef9') in 0.001490 seconds 
========================================================================
Received Prepare
Registering precompiled user dll's ...
Registered in 0.002357 seconds.
Begin MonoManager ReloadAssembly
Thread 0x17dc3b000 may have been prematurely finalized
Native extension for OSXStandalone target not found
Refreshing native plugins compatible for Editor in 0.67 ms, found 2 plugins.
Preloading 0 native plugins for Editor in 0.00 ms.
Mono: successfully reloaded assembly
- Completed reload, in  1.144 seconds
Domain Reload Profiling:
	ReloadAssembly (1145ms)
		BeginReloadAssembly (146ms)
			ExecutionOrderSort (0ms)
			DisableScriptedObjects (8ms)
			BackupInstance (0ms)
			ReleaseScriptingObjects (0ms)
			CreateAndSetChildDomain (65ms)
		EndReloadAssembly (869ms)
			LoadAssemblies (63ms)
			RebuildTransferFunctionScriptingTraits (0ms)
			SetupTypeCache (336ms)
			ReleaseScriptCaches (1ms)
			RebuildScriptCaches (67ms)
			SetupLoadedEditorAssemblies (339ms)
				LogAssemblyErrors (0ms)
				InitializePlatformSupportModulesInManaged (9ms)
				SetLoadedEditorAssemblies (1ms)
				RefreshPlugins (1ms)
				BeforeProcessingInitializeOnLoad (47ms)
				ProcessInitializeOnLoadAttributes (203ms)
				ProcessInitializeOnLoadMethodAttributes (77ms)
				AfterProcessingInitializeOnLoad (1ms)
				EditorAssembliesLoaded (0ms)
			ExecutionOrderSort2 (0ms)
			AwakeInstancesAfterBackupRestoration (3ms)
Platform modules already initialized, skipping
Refreshing native plugins compatible for Editor in 0.54 ms, found 2 plugins.
Preloading 0 native plugins for Editor in 0.00 ms.
Unloading 2051 Unused Serialized files (Serialized files now loaded: 0)
Unloading 50 unused Assets / (24.0 KB). Loaded Objects now: 2512.
Memory consumption went from 169.0 MB to 168.9 MB.
Total: 7.273042 ms (FindLiveObjects: 0.106292 ms CreateObjectMapping: 0.041083 ms MarkObjects: 7.080792 ms  DeleteObjects: 0.043833 ms)

AssetImportParameters requested are different than current active one (requested -> active):
  custom:video-decoder-ogg-theora: a1e56fd34408186e4bbccfd4996cb3dc -> 
  custom:container-muxer-webm: aa71ff27fc2769a1b78a27578f13a17b -> 
  custom:container-demuxer-webm: 4f35f7cbe854078d1ac9338744f61a02 -> 
  custom:video-encoder-webm-vp8: eb34c28f22e8b96e1ab97ce403110664 -> 
  custom:framework-osx-AVFoundation: e770b220cccbd017edd2c1fefb359320 -> 
  custom:audio-encoder-webm-vorbis: bf7c407c2cedff20999df2af8eb42d56 -> 
  custom:container-demuxer-ogg: 62fdf1f143b41e24485cea50d1cbac27 -> 
  custom:video-decoder-webm-vp8: 9c59270c3fd7afecdb556c50c9e8de78 -> 
  custom:audio-decoder-ogg-vorbis: bf7c407c2cedff20999df2af8eb42d56 -> 
========================================================================
Received Import Request.
  Time since last request: 186.458913 seconds.
  path: Assets/script/ItemDataBase.asset
  artifactKey: Guid(4a60d0e8fa7474953af55971e9dd8f2b) Importer(815301076,1909f56bfc062723c751e8b465ee728b)
Start importing Assets/script/ItemDataBase.asset using Guid(4a60d0e8fa7474953af55971e9dd8f2b) Importer(815301076,1909f56bfc062723c751e8b465ee728b)  -> (artifact id: 'e7f24dc1ab2679a2271a87fc79fd6346') in 0.566017 seconds 
========================================================================
Received Import Request.
  Time since last request: 18.564941 seconds.
  path: Assets/script/CreateItemDataBase.asset
  artifactKey: Guid(4a60d0e8fa7474953af55971e9dd8f2b) Importer(815301076,1909f56bfc062723c751e8b465ee728b)
Start importing Assets/script/CreateItemDataBase.asset using Guid(4a60d0e8fa7474953af55971e9dd8f2b) Importer(815301076,1909f56bfc062723c751e8b465ee728b)  -> (artifact id: 'e75f748ee87c50e9a820b418e57e6cd8') in 0.001857 seconds 
========================================================================
Received Import Request.
  Time since last request: 227.618065 seconds.
  path: Assets/script/CraftItem.asset
  artifactKey: Guid(32631dbe05ea644ddb4d88cafb33615e) Importer(815301076,1909f56bfc062723c751e8b465ee728b)
Start importing Assets/script/CraftItem.asset using Guid(32631dbe05ea644ddb4d88cafb33615e) Importer(815301076,1909f56bfc062723c751e8b465ee728b)  -> (artifact id: '2e1ccc298c66d216974d9ee2acfdd013') in 0.002851 seconds 
========================================================================
Received Import Request.
  Time since last request: 12.448010 seconds.
  path: Assets/script/KeyItem.asset
  artifactKey: Guid(3c4cac79c47c14e2093f2ed87f656789) Importer(815301076,1909f56bfc062723c751e8b465ee728b)
Start importing Assets/script/KeyItem.asset using Guid(3c4cac79c47c14e2093f2ed87f656789) Importer(815301076,1909f56bfc062723c751e8b465ee728b)  -> (artifact id: '1e53085e88846907174b048743e5aad9') in 0.001568 seconds 
========================================================================
Received Import Request.
  Time since last request: 8.096121 seconds.
  path: Assets/script/UserItem.asset
  artifactKey: Guid(18dc94b492c7141ebbf6b15d99c0a836) Importer(815301076,1909f56bfc062723c751e8b465ee728b)
Start importing Assets/script/UserItem.asset using Guid(18dc94b492c7141ebbf6b15d99c0a836) Importer(815301076,1909f56bfc062723c751e8b465ee728b)  -> (artifact id: '251c7f386a7c8c20d667943601a54d38') in 0.001485 seconds 
========================================================================
Received Import Request.
  Time since last request: 350.529519 seconds.
  path: Assets/script/OnGround.cs
  artifactKey: Guid(8494a1760e3707744b162fc101f4ed1d) Importer(815301076,1909f56bfc062723c751e8b465ee728b)
Start importing Assets/script/OnGround.cs using Guid(8494a1760e3707744b162fc101f4ed1d) Importer(815301076,1909f56bfc062723c751e8b465ee728b)  -> (artifact id: 'ca9287ad266e15b823a78d70361f7c0c') in 0.001869 seconds 
========================================================================
Received Import Request.
  Time since last request: 17.246431 seconds.
  path: Assets/ItemDataBase
  artifactKey: Guid(3b77d8b5136f142b793a903100ceca1d) Importer(815301076,1909f56bfc062723c751e8b465ee728b)
Start importing Assets/ItemDataBase using Guid(3b77d8b5136f142b793a903100ceca1d) Importer(815301076,1909f56bfc062723c751e8b465ee728b)  -> (artifact id: '4c7e912dffa7fe7493474c5d5831bd29') in 0.000737 seconds 
========================================================================
Received Import Request.
  Time since last request: 158.589746 seconds.
  path: Assets/DataBase
  artifactKey: Guid(3b77d8b5136f142b793a903100ceca1d) Importer(815301076,1909f56bfc062723c751e8b465ee728b)
Start importing Assets/DataBase using Guid(3b77d8b5136f142b793a903100ceca1d) Importer(815301076,1909f56bfc062723c751e8b465ee728b)  -> (artifact id: '2bd737b81ce87bf6b85a4f152e3290cc') in 0.001095 seconds 
========================================================================
Received Import Request.
  Time since last request: 9.965048 seconds.
  path: Assets/DataBase/Item
  artifactKey: Guid(0ce98403ab4e945c1924aee066618344) Importer(815301076,1909f56bfc062723c751e8b465ee728b)
Start importing Assets/DataBase/Item using Guid(0ce98403ab4e945c1924aee066618344) Importer(815301076,1909f56bfc062723c751e8b465ee728b)  -> (artifact id: '1b2daf283dffa078d2b812f20cd21689') in 0.000728 seconds 
========================================================================
Received Import Request.
  Time since last request: 50.545291 seconds.
  path: Assets/DataBase/Item/ScriptableObjectDB
  artifactKey: Guid(0ce3b47e9704541508e8642bf5657f78) Importer(815301076,1909f56bfc062723c751e8b465ee728b)
Start importing Assets/DataBase/Item/ScriptableObjectDB using Guid(0ce3b47e9704541508e8642bf5657f78) Importer(815301076,1909f56bfc062723c751e8b465ee728b)  -> (artifact id: '4e00bbe3c6c36bd525f55f710d20b9b6') in 0.001437 seconds 
========================================================================
Received Import Request.
  Time since last request: 37.919935 seconds.
  path: Assets/DataBase/Item/ScriptableObjectRecord
  artifactKey: Guid(63544ec8f827244aca8d64e076c839d7) Importer(815301076,1909f56bfc062723c751e8b465ee728b)
Start importing Assets/DataBase/Item/ScriptableObjectRecord using Guid(63544ec8f827244aca8d64e076c839d7) Importer(815301076,1909f56bfc062723c751e8b465ee728b)  -> (artifact id: 'b6dbffcba77f869f1f1bb5127497b75e') in 0.001336 seconds 
========================================================================
Received Import Request.
  Time since last request: 1293.805941 seconds.
  path: Assets/script/ItemDataBase.cs
  artifactKey: Guid(a61c0ecf97fee4c568eea394768420a7) Importer(815301076,1909f56bfc062723c751e8b465ee728b)
Start importing Assets/script/ItemDataBase.cs using Guid(a61c0ecf97fee4c568eea394768420a7) Importer(815301076,1909f56bfc062723c751e8b465ee728b)  -> (artifact id: 'fd4120d388bdefb19d47084f3f626ceb') in 0.003663 seconds 
========================================================================
Received Import Request.
  Time since last request: 15.395628 seconds.
  path: Assets/script/ScriptableObjectDataBase.cs
  artifactKey: Guid(a61c0ecf97fee4c568eea394768420a7) Importer(815301076,1909f56bfc062723c751e8b465ee728b)
Start importing Assets/script/ScriptableObjectDataBase.cs using Guid(a61c0ecf97fee4c568eea394768420a7) Importer(815301076,1909f56bfc062723c751e8b465ee728b)  -> (artifact id: 'e267bf50c6c2a69307bed31e0871e263') in 0.001122 seconds 
AssetImportWorkerClient::OnTransportError - code=2 error=End of file
